2019-02-28 06:42:30,420 [Thread-4:123145351159808] [django.request:228] [log:log_response] [WARNING]- Not Found: /js/jquery.min.js
2019-02-28 06:42:30,422 [Thread-5:123145356414976] [django.request:228] [log:log_response] [WARNING]- Not Found: /js/sliders.js
2019-02-28 06:42:30,425 [Thread-6:123145361670144] [django.request:228] [log:log_response] [WARNING]- Not Found: /js/nav.js
2019-02-28 06:42:30,427 [Thread-7:123145366925312] [django.request:228] [log:log_response] [WARNING]- Not Found: /images/a1.jpg
2019-02-28 06:42:30,429 [Thread-8:123145372180480] [django.request:228] [log:log_response] [WARNING]- Not Found: /images/a2.jpg
2019-02-28 06:42:30,440 [Thread-4:123145351159808] [django.request:228] [log:log_response] [WARNING]- Not Found: /images/a4.jpg
2019-02-28 06:42:30,443 [Thread-5:123145356414976] [django.request:228] [log:log_response] [WARNING]- Not Found: /images/a3.jpg
2019-02-28 07:29:57,880 [Thread-5:123145529651200] [django.request:228] [log:log_response] [WARNING]- Not Found: /js/sliders.js
2019-02-28 07:29:57,883 [Thread-6:123145534906368] [django.request:228] [log:log_response] [WARNING]- Not Found: /js/nav.js
2019-02-28 07:29:57,888 [Thread-4:123145524396032] [django.request:228] [log:log_response] [WARNING]- Not Found: /js/jquery.min.js
2019-02-28 07:29:57,895 [Thread-7:123145513885696] [django.request:228] [log:log_response] [WARNING]- Not Found: /images/a1.jpg
2019-02-28 07:29:57,901 [Thread-8:123145540161536] [django.request:228] [log:log_response] [WARNING]- Not Found: /images/a2.jpg
2019-02-28 07:29:57,919 [Thread-8:123145540161536] [django.request:228] [log:log_response] [WARNING]- Not Found: /images/a3.jpg
2019-02-28 07:29:57,923 [Thread-7:123145513885696] [django.request:228] [log:log_response] [WARNING]- Not Found: /js/sliders.js
2019-02-28 07:29:57,925 [Thread-4:123145524396032] [django.request:228] [log:log_response] [WARNING]- Not Found: /images/a4.jpg
2019-02-28 07:29:57,935 [Thread-4:123145524396032] [django.request:228] [log:log_response] [WARNING]- Not Found: /js/nav.js
2019-02-28 07:29:59,212 [Thread-5:123145529651200] [django.request:228] [log:log_response] [WARNING]- Not Found: /js/nav.js
2019-02-28 07:29:59,217 [Thread-8:123145540161536] [django.request:228] [log:log_response] [WARNING]- Not Found: /js/jquery.min.js
2019-02-28 07:29:59,223 [Thread-6:123145534906368] [django.request:228] [log:log_response] [WARNING]- Not Found: /js/sliders.js
2019-02-28 07:29:59,225 [Thread-9:123145519140864] [django.request:228] [log:log_response] [WARNING]- Not Found: /images/a1.jpg
2019-02-28 07:29:59,228 [Thread-10:123145545416704] [django.request:228] [log:log_response] [WARNING]- Not Found: /images/a2.jpg
2019-02-28 07:29:59,254 [Thread-10:123145545416704] [django.request:228] [log:log_response] [WARNING]- Not Found: /images/a3.jpg
2019-02-28 07:29:59,256 [Thread-9:123145519140864] [django.request:228] [log:log_response] [WARNING]- Not Found: /images/a4.jpg
2019-02-28 07:29:59,259 [Thread-6:123145534906368] [django.request:228] [log:log_response] [WARNING]- Not Found: /js/nav.js
2019-02-28 07:30:00,510 [Thread-5:123145529651200] [django.request:228] [log:log_response] [WARNING]- Not Found: /js/nav.js
2019-02-28 07:30:00,516 [Thread-11:123145513885696] [django.request:228] [log:log_response] [WARNING]- Not Found: /images/a1.jpg
2019-02-28 07:30:00,520 [Thread-8:123145540161536] [django.request:228] [log:log_response] [WARNING]- Not Found: /js/sliders.js
2019-02-28 07:30:00,523 [Thread-10:123145545416704] [django.request:228] [log:log_response] [WARNING]- Not Found: /js/jquery.min.js
2019-02-28 07:30:00,525 [Thread-12:123145524396032] [django.request:228] [log:log_response] [WARNING]- Not Found: /images/a2.jpg
2019-02-28 07:30:00,535 [Thread-11:123145513885696] [django.request:228] [log:log_response] [WARNING]- Not Found: /images/a3.jpg
2019-02-28 07:30:00,544 [Thread-10:123145545416704] [django.request:228] [log:log_response] [WARNING]- Not Found: /js/sliders.js
2019-02-28 07:30:00,546 [Thread-12:123145524396032] [django.request:228] [log:log_response] [WARNING]- Not Found: /images/a4.jpg
2019-02-28 07:30:00,557 [Thread-12:123145524396032] [django.request:228] [log:log_response] [WARNING]- Not Found: /js/nav.js
2019-02-28 07:30:02,393 [Thread-11:123145513885696] [django.request:228] [log:log_response] [WARNING]- Not Found: /js/jquery.min.js
2019-02-28 07:30:02,397 [Thread-5:123145529651200] [django.request:228] [log:log_response] [WARNING]- Not Found: /js/nav.js
2019-02-28 07:30:02,400 [Thread-8:123145540161536] [django.request:228] [log:log_response] [WARNING]- Not Found: /js/sliders.js
2019-02-28 07:30:02,403 [Thread-13:123145519140864] [django.request:228] [log:log_response] [WARNING]- Not Found: /images/a1.jpg
2019-02-28 07:30:02,406 [Thread-14:123145534906368] [django.request:228] [log:log_response] [WARNING]- Not Found: /images/a2.jpg
2019-02-28 07:30:02,421 [Thread-8:123145540161536] [django.request:228] [log:log_response] [WARNING]- Not Found: /images/a4.jpg
2019-02-28 07:30:02,422 [Thread-14:123145534906368] [django.request:228] [log:log_response] [WARNING]- Not Found: /js/nav.js
2019-02-28 07:30:02,425 [Thread-13:123145519140864] [django.request:228] [log:log_response] [WARNING]- Not Found: /images/a3.jpg
2019-02-28 07:30:03,748 [Thread-8:123145540161536] [django.request:228] [log:log_response] [WARNING]- Not Found: /js/jquery.min.js
2019-02-28 07:30:03,751 [Thread-5:123145529651200] [django.request:228] [log:log_response] [WARNING]- Not Found: /js/sliders.js
2019-02-28 07:30:03,754 [Thread-11:123145513885696] [django.request:228] [log:log_response] [WARNING]- Not Found: /js/nav.js
2019-02-28 07:30:03,757 [Thread-15:123145524396032] [django.request:228] [log:log_response] [WARNING]- Not Found: /images/a1.jpg
2019-02-28 07:30:03,759 [Thread-16:123145545416704] [django.request:228] [log:log_response] [WARNING]- Not Found: /images/a2.jpg
2019-02-28 07:30:03,781 [Thread-5:123145529651200] [django.request:228] [log:log_response] [WARNING]- Not Found: /images/a4.jpg
2019-02-28 07:30:03,785 [Thread-11:123145513885696] [django.request:228] [log:log_response] [WARNING]- Not Found: /images/a3.jpg
2019-02-28 07:30:25,384 [Thread-16:123145545416704] [django.request:228] [log:log_response] [WARNING]- Not Found: /js/jquery.min.js
2019-02-28 07:30:25,385 [Thread-15:123145524396032] [django.request:228] [log:log_response] [WARNING]- Not Found: /js/sliders.js
2019-02-28 07:30:25,389 [Thread-17:123145519140864] [django.request:228] [log:log_response] [WARNING]- Not Found: /images/a1.jpg
2019-02-28 07:30:25,395 [Thread-8:123145540161536] [django.request:228] [log:log_response] [WARNING]- Not Found: /js/nav.js
2019-02-28 07:30:25,397 [Thread-18:123145534906368] [django.request:228] [log:log_response] [WARNING]- Not Found: /images/a2.jpg
2019-02-28 07:30:25,419 [Thread-15:123145524396032] [django.request:228] [log:log_response] [WARNING]- Not Found: /images/a4.jpg
2019-02-28 07:30:25,421 [Thread-17:123145519140864] [django.request:228] [log:log_response] [WARNING]- Not Found: /images/a3.jpg
2019-02-28 07:30:30,253 [Thread-18:123145534906368] [django.request:228] [log:log_response] [WARNING]- Not Found: /js/jquery.min.js
2019-02-28 07:30:30,259 [Thread-16:123145545416704] [django.request:228] [log:log_response] [WARNING]- Not Found: /js/nav.js
2019-02-28 07:30:30,262 [Thread-19:123145513885696] [django.request:228] [log:log_response] [WARNING]- Not Found: /images/a1.jpg
2019-02-28 07:30:30,264 [Thread-8:123145540161536] [django.request:228] [log:log_response] [WARNING]- Not Found: /js/sliders.js
2019-02-28 07:30:30,266 [Thread-20:123145529651200] [django.request:228] [log:log_response] [WARNING]- Not Found: /images/a2.jpg
2019-02-28 07:30:30,283 [Thread-8:123145540161536] [django.request:228] [log:log_response] [WARNING]- Not Found: /images/a3.jpg
2019-02-28 07:30:30,284 [Thread-20:123145529651200] [django.request:228] [log:log_response] [WARNING]- Not Found: /images/a4.jpg
2019-02-28 07:30:30,287 [Thread-19:123145513885696] [django.request:228] [log:log_response] [WARNING]- Not Found: /js/nav.js
2019-02-28 07:30:32,304 [Thread-18:123145534906368] [django.request:228] [log:log_response] [WARNING]- Not Found: /js/nav.js
2019-02-28 07:30:32,312 [Thread-8:123145540161536] [django.request:228] [log:log_response] [WARNING]- Not Found: /js/jquery.min.js
2019-02-28 07:30:32,315 [Thread-16:123145545416704] [django.request:228] [log:log_response] [WARNING]- Not Found: /js/sliders.js
2019-02-28 07:30:32,318 [Thread-21:123145519140864] [django.request:228] [log:log_response] [WARNING]- Not Found: /images/a1.jpg
2019-02-28 07:30:32,320 [Thread-22:123145524396032] [django.request:228] [log:log_response] [WARNING]- Not Found: /images/a2.jpg
2019-02-28 07:30:32,337 [Thread-16:123145545416704] [django.request:228] [log:log_response] [WARNING]- Not Found: /images/a4.jpg
2019-02-28 07:30:32,338 [Thread-8:123145540161536] [django.request:228] [log:log_response] [WARNING]- Not Found: /js/nav.js
2019-02-28 07:30:32,341 [Thread-21:123145519140864] [django.request:228] [log:log_response] [WARNING]- Not Found: /images/a3.jpg
2019-02-28 07:30:57,028 [Thread-8:123145540161536] [django.request:228] [log:log_response] [WARNING]- Not Found: /js/jquery.min.js
2019-02-28 07:30:57,031 [Thread-18:123145534906368] [django.request:228] [log:log_response] [WARNING]- Not Found: /js/nav.js
2019-02-28 07:30:57,035 [Thread-22:123145524396032] [django.request:228] [log:log_response] [WARNING]- Not Found: /js/sliders.js
2019-02-28 07:30:57,038 [Thread-23:123145513885696] [django.request:228] [log:log_response] [WARNING]- Not Found: /images/a1.jpg
2019-02-28 07:30:57,040 [Thread-24:123145529651200] [django.request:228] [log:log_response] [WARNING]- Not Found: /images/a2.jpg
2019-02-28 07:30:57,059 [Thread-24:123145529651200] [django.request:228] [log:log_response] [WARNING]- Not Found: /images/a3.jpg
2019-02-28 07:30:57,062 [Thread-22:123145524396032] [django.request:228] [log:log_response] [WARNING]- Not Found: /js/nav.js
2019-02-28 07:30:57,064 [Thread-23:123145513885696] [django.request:228] [log:log_response] [WARNING]- Not Found: /images/a4.jpg
2019-02-28 07:30:58,353 [Thread-24:123145529651200] [django.request:228] [log:log_response] [WARNING]- Not Found: /js/jquery.min.js
2019-02-28 07:30:58,355 [Thread-8:123145540161536] [django.request:228] [log:log_response] [WARNING]- Not Found: /js/nav.js
2019-02-28 07:30:58,358 [Thread-18:123145534906368] [django.request:228] [log:log_response] [WARNING]- Not Found: /js/sliders.js
2019-02-28 07:30:58,363 [Thread-26:123145545416704] [django.request:228] [log:log_response] [WARNING]- Not Found: /images/a2.jpg
2019-02-28 07:30:58,365 [Thread-25:123145519140864] [django.request:228] [log:log_response] [WARNING]- Not Found: /images/a1.jpg
2019-02-28 07:30:58,382 [Thread-18:123145534906368] [django.request:228] [log:log_response] [WARNING]- Not Found: /images/a3.jpg
2019-02-28 07:30:58,388 [Thread-25:123145519140864] [django.request:228] [log:log_response] [WARNING]- Not Found: /images/a4.jpg
2019-02-28 07:30:58,390 [Thread-26:123145545416704] [django.request:228] [log:log_response] [WARNING]- Not Found: /js/nav.js
2019-03-03 01:12:40,019 [Thread-4:123145407574016] [django.request:228] [log:log_response] [WARNING]- Not Found: /js/jquery.min.js
2019-03-03 01:12:40,020 [Thread-5:123145412829184] [django.request:228] [log:log_response] [WARNING]- Not Found: /js/sliders.js
2019-03-03 01:12:40,022 [Thread-6:123145418084352] [django.request:228] [log:log_response] [WARNING]- Not Found: /js/nav.js
2019-03-03 01:12:40,024 [Thread-7:123145423339520] [django.request:228] [log:log_response] [WARNING]- Not Found: /images/a1.jpg
2019-03-03 01:12:40,026 [Thread-8:123145428594688] [django.request:228] [log:log_response] [WARNING]- Not Found: /images/a2.jpg
2019-03-03 01:12:40,035 [Thread-4:123145407574016] [django.request:228] [log:log_response] [WARNING]- Not Found: /images/a4.jpg
2019-03-03 01:12:40,040 [Thread-5:123145412829184] [django.request:228] [log:log_response] [WARNING]- Not Found: /images/a3.jpg
2019-03-03 01:12:40,193 [Thread-5:123145412829184] [django.request:228] [log:log_response] [WARNING]- Not Found: /favicon.ico
